C:\USERS\REGNIER\DOCUMENTS\VISUAL STUDIO 2012\PROJECTS\GOOD ENGINE\CORE\DEBUG\ISCENENODE.OBJ
C:\USERS\REGNIER\DOCUMENTS\VISUAL STUDIO 2012\PROJECTS\GOOD ENGINE\CORE\DEBUG\LOGCONSOLE.OBJ
C:\USERS\REGNIER\DOCUMENTS\VISUAL STUDIO 2012\PROJECTS\GOOD ENGINE\CORE\DEBUG\LOGFILE.OBJ
C:\USERS\REGNIER\DOCUMENTS\VISUAL STUDIO 2012\PROJECTS\GOOD ENGINE\CORE\DEBUG\SCENEMANAGER.OBJ
C:\USERS\REGNIER\DOCUMENTS\VISUAL STUDIO 2012\PROJECTS\GOOD ENGINE\CORE\DEBUG\VC110.PDB
C:\Users\regnier\Documents\Visual Studio 2012\Projects\Good Engine\build\Debug\Core.lib
C:\Users\regnier\Documents\Visual Studio 2012\Projects\Good Engine\build\Debug\Core.exp
C:\USERS\REGNIER\DOCUMENTS\VISUAL STUDIO 2012\PROJECTS\GOOD ENGINE\BUILD\DEBUG\CORE.ILK
C:\USERS\REGNIER\DOCUMENTS\VISUAL STUDIO 2012\PROJECTS\GOOD ENGINE\BUILD\DEBUG\CORE.DLL
C:\USERS\REGNIER\DOCUMENTS\VISUAL STUDIO 2012\PROJECTS\GOOD ENGINE\BUILD\DEBUG\CORE.PDB
C:\Users\regnier\Documents\Visual Studio 2012\Projects\Good Engine\Core\Debug\ISceneNode.obj
C:\Users\regnier\Documents\Visual Studio 2012\Projects\Good Engine\Core\Debug\LogConsole.obj
C:\Users\regnier\Documents\Visual Studio 2012\Projects\Good Engine\Core\Debug\LogFile.obj
C:\Users\regnier\Documents\Visual Studio 2012\Projects\Good Engine\Core\Debug\SceneManager.obj
C:\Users\regnier\Documents\Visual Studio 2012\Projects\Good Engine\Core\Debug\cl.command.1.tlog
C:\Users\regnier\Documents\Visual Studio 2012\Projects\Good Engine\Core\Debug\CL.read.1.tlog
C:\Users\regnier\Documents\Visual Studio 2012\Projects\Good Engine\Core\Debug\CL.write.1.tlog
C:\Users\regnier\Documents\Visual Studio 2012\Projects\Good Engine\Core\Debug\Core.write.1.tlog
C:\Users\regnier\Documents\Visual Studio 2012\Projects\Good Engine\Core\Debug\link-cvtres.read.1.tlog
C:\Users\regnier\Documents\Visual Studio 2012\Projects\Good Engine\Core\Debug\link-cvtres.write.1.tlog
C:\Users\regnier\Documents\Visual Studio 2012\Projects\Good Engine\Core\Debug\link-rc.read.1.tlog
C:\Users\regnier\Documents\Visual Studio 2012\Projects\Good Engine\Core\Debug\link-rc.write.1.tlog
C:\Users\regnier\Documents\Visual Studio 2012\Projects\Good Engine\Core\Debug\link.12172-cvtres.read.1.tlog
C:\Users\regnier\Documents\Visual Studio 2012\Projects\Good Engine\Core\Debug\link.12172-cvtres.write.1.tlog
C:\Users\regnier\Documents\Visual Studio 2012\Projects\Good Engine\Core\Debug\link.12172-rc.read.1.tlog
C:\Users\regnier\Documents\Visual Studio 2012\Projects\Good Engine\Core\Debug\link.12172-rc.write.1.tlog
C:\Users\regnier\Documents\Visual Studio 2012\Projects\Good Engine\Core\Debug\link.12172.read.1.tlog
C:\Users\regnier\Documents\Visual Studio 2012\Projects\Good Engine\Core\Debug\link.12172.write.1.tlog
C:\Users\regnier\Documents\Visual Studio 2012\Projects\Good Engine\Core\Debug\link.12688-cvtres.read.1.tlog
C:\Users\regnier\Documents\Visual Studio 2012\Projects\Good Engine\Core\Debug\link.12688-cvtres.write.1.tlog
C:\Users\regnier\Documents\Visual Studio 2012\Projects\Good Engine\Core\Debug\link.12688-rc.read.1.tlog
C:\Users\regnier\Documents\Visual Studio 2012\Projects\Good Engine\Core\Debug\link.12688-rc.write.1.tlog
C:\Users\regnier\Documents\Visual Studio 2012\Projects\Good Engine\Core\Debug\link.12688.read.1.tlog
C:\Users\regnier\Documents\Visual Studio 2012\Projects\Good Engine\Core\Debug\link.12688.write.1.tlog
C:\Users\regnier\Documents\Visual Studio 2012\Projects\Good Engine\Core\Debug\link.12852-cvtres.read.1.tlog
C:\Users\regnier\Documents\Visual Studio 2012\Projects\Good Engine\Core\Debug\link.12852-cvtres.write.1.tlog
C:\Users\regnier\Documents\Visual Studio 2012\Projects\Good Engine\Core\Debug\link.12852-rc.read.1.tlog
C:\Users\regnier\Documents\Visual Studio 2012\Projects\Good Engine\Core\Debug\link.12852-rc.write.1.tlog
C:\Users\regnier\Documents\Visual Studio 2012\Projects\Good Engine\Core\Debug\link.12852.read.1.tlog
C:\Users\regnier\Documents\Visual Studio 2012\Projects\Good Engine\Core\Debug\link.12852.write.1.tlog
C:\Users\regnier\Documents\Visual Studio 2012\Projects\Good Engine\Core\Debug\link.command.1.tlog
C:\Users\regnier\Documents\Visual Studio 2012\Projects\Good Engine\Core\Debug\link.read.1.tlog
C:\Users\regnier\Documents\Visual Studio 2012\Projects\Good Engine\Core\Debug\link.write.1.tlog
C:\Users\regnier\Documents\Visual Studio 2012\Projects\Good Engine\Core\Debug\vc110.idb
C:\Users\regnier\Documents\Visual Studio 2012\Projects\Good Engine\Core\Debug\vc110.pdb
C:\Users\regnier\Documents\Visual Studio 2012\Projects\Good Engine\build\Debug\Core.pdb
C:\Users\regnier\Documents\Visual Studio 2012\Projects\Good Engine\build\Debug\Core.dll
C:\Users\regnier\Documents\Visual Studio 2012\Projects\Good Engine\build\Debug\Core.ilk
