Build started 2/9/2014 5:16:34 PM.
     1>Project "X:\DevGit\Good-Engine\Applications\GoodCore\Core\Core.vcxproj" on node 2 (Build target(s)).
     1>ClCompile:
         C:\Program Files (x86)\Microsoft Visual Studio 12.0\VC\bin\x86_amd64\CL.exe /c /I"X:\ThirdParties\glew-1.10.0\include" /I"X:\ThirdParties\glfw-3.0.3\include" /I"X:\ThirdParties\glm-0.9.4.6\include" /Zi /nologo /W3 /WX- /Od /D WIN32 /D _DEBUG /D _LIB /D _UNICODE /D UNICODE /Gm /EHsc /RTC1 /MDd /GS /fp:precise /Zc:wchar_t /Zc:forScope /Fo"x64\Debug\\" /Fd"x64\Debug\vc120.pdb" /FR"x64\Debug\\" /Gd /TP /errorReport:prompt Camera.cpp
         Camera.cpp
       Lib:
         C:\Program Files (x86)\Microsoft Visual Studio 12.0\VC\bin\x86_amd64\Lib.exe /OUT:"X:\DevGit\Good-Engine\build\x64\Debug\Core.lib" /NOLOGO /MACHINE:X64 x64\Debug\Camera.obj
         x64\Debug\FrameBufferObject.obj
         x64\Debug\GLSLPipeline.obj
         x64\Debug\GLSLPipeline.obj
         x64\Debug\GLSLProgram.obj
         x64\Debug\GoodObject.obj
         x64\Debug\GoodObject.obj
         x64\Debug\ISceneNode.obj
         x64\Debug\LoaderObj.obj
         x64\Debug\LoadImage.obj
         x64\Debug\LogConsole.obj
         x64\Debug\LogFile.obj
         x64\Debug\Material.obj
         x64\Debug\Mesh.obj
         x64\Debug\SceneManager.obj
         x64\Debug\ShaderProgram.obj
         x64\Debug\ShaderTools.obj
         x64\Debug\Vertex.obj
         x64\Debug\Viewport.obj
     1>x64\Debug\GLSLPipeline.obj : warning LNK4042: object specified more than once; extras ignored
     1>x64\Debug\GoodObject.obj : warning LNK4042: object specified more than once; extras ignored
     1>GoodObject.obj : warning LNK4221: This object file does not define any previously undefined public symbols, so it will not be used by any link operation that consumes this library
     1>GLSLPipeline.obj : warning LNK4221: This object file does not define any previously undefined public symbols, so it will not be used by any link operation that consumes this library
         Core.vcxproj -> X:\DevGit\Good-Engine\build\x64\Debug\Core.lib
       BscMake:
         C:\Program Files (x86)\Microsoft Visual Studio 12.0\VC\bin\bscmake.exe /nologo /o"X:\DevGit\Good-Engine\build\x64\Debug\Core.bsc" /n x64\Debug\Camera.sbr x64\Debug\FrameBufferObject.sbr x64\Debug\GLSLPipeline.sbr x64\Debug\GLSLPipeline.sbr x64\Debug\GLSLProgram.sbr x64\Debug\GoodObject.sbr x64\Debug\GoodObject.sbr x64\Debug\ISceneNode.sbr x64\Debug\LoaderObj.sbr x64\Debug\LoadImage.sbr x64\Debug\LogConsole.sbr x64\Debug\LogFile.sbr x64\Debug\Material.sbr x64\Debug\Mesh.sbr x64\Debug\SceneManager.sbr x64\Debug\ShaderProgram.sbr x64\Debug\ShaderTools.sbr x64\Debug\Vertex.sbr x64\Debug\Viewport.sbr
     1>Done Building Project "X:\DevGit\Good-Engine\Applications\GoodCore\Core\Core.vcxproj" (Build target(s)).

Build succeeded.

Time Elapsed 00:00:03.12
