x:\devgit\good-engine\build\x64\debug\core.bsc
x:\devgit\good-engine\applications\goodcore\core\x64\debug\vc120.pdb
x:\devgit\good-engine\applications\goodcore\core\x64\debug\vc120.idb
x:\devgit\good-engine\applications\goodcore\core\x64\debug\viewport.sbr
x:\devgit\good-engine\applications\goodcore\core\x64\debug\vertex.sbr
x:\devgit\good-engine\applications\goodcore\core\x64\debug\scenemanager.sbr
x:\devgit\good-engine\applications\goodcore\core\x64\debug\model.sbr
x:\devgit\good-engine\applications\goodcore\core\x64\debug\mesh.sbr
x:\devgit\good-engine\applications\goodcore\core\x64\debug\logfile.sbr
x:\devgit\good-engine\applications\goodcore\core\x64\debug\logconsole.sbr
x:\devgit\good-engine\applications\goodcore\core\x64\debug\loaderobj.sbr
x:\devgit\good-engine\applications\goodcore\core\x64\debug\iscenenode.sbr
x:\devgit\good-engine\applications\goodcore\core\x64\debug\glslprogram.sbr
x:\devgit\good-engine\applications\goodcore\core\x64\debug\camera.sbr
x:\devgit\good-engine\applications\goodcore\core\x64\debug\camera.obj
x:\devgit\good-engine\applications\goodcore\core\x64\debug\glslprogram.obj
x:\devgit\good-engine\applications\goodcore\core\x64\debug\iscenenode.obj
x:\devgit\good-engine\applications\goodcore\core\x64\debug\loaderobj.obj
x:\devgit\good-engine\applications\goodcore\core\x64\debug\logconsole.obj
x:\devgit\good-engine\applications\goodcore\core\x64\debug\logfile.obj
x:\devgit\good-engine\applications\goodcore\core\x64\debug\mesh.obj
x:\devgit\good-engine\applications\goodcore\core\x64\debug\model.obj
x:\devgit\good-engine\applications\goodcore\core\x64\debug\scenemanager.obj
x:\devgit\good-engine\applications\goodcore\core\x64\debug\vertex.obj
x:\devgit\good-engine\applications\goodcore\core\x64\debug\viewport.obj
x:\devgit\good-engine\applications\goodcore\core\x64\debug\loadimage.sbr
x:\devgit\good-engine\applications\goodcore\core\x64\debug\loadimage.obj
x:\devgit\good-engine\applications\goodcore\core\x64\debug\framebufferobject.sbr
x:\devgit\good-engine\applications\goodcore\core\x64\debug\framebufferobject.obj
x:\devgit\good-engine\build\x64\debug\core.lib
x:\devgit\good-engine\applications\goodcore\core\x64\debug\core.tlog\bscmake.command.1.tlog
x:\devgit\good-engine\applications\goodcore\core\x64\debug\core.tlog\bscmake.read.1.tlog
x:\devgit\good-engine\applications\goodcore\core\x64\debug\core.tlog\bscmake.write.1.tlog
x:\devgit\good-engine\applications\goodcore\core\x64\debug\core.tlog\cl.command.1.tlog
x:\devgit\good-engine\applications\goodcore\core\x64\debug\core.tlog\cl.read.1.tlog
x:\devgit\good-engine\applications\goodcore\core\x64\debug\core.tlog\cl.write.1.tlog
x:\devgit\good-engine\applications\goodcore\core\x64\debug\core.tlog\lib-link.read.1.tlog
x:\devgit\good-engine\applications\goodcore\core\x64\debug\core.tlog\lib-link.write.1.tlog
x:\devgit\good-engine\applications\goodcore\core\x64\debug\core.tlog\lib.command.1.tlog
